<?xml version="1.0" encoding="UTF-8"?>
<!-- Generated by org.testng.reporters.JUnitReportReporter -->
<testsuite skipped="0" hostname="hujy" name="com.github.junyinghu.automation.TestForm" tests="1" failures="0" timestamp="29 九月 2017 01:44:24 GMT" time="1.757" errors="0">
  <testcase name="testWindowhand" time="1.757" classname="com.github.junyinghu.automation.TestForm"/>
</testsuite> <!-- com.github.junyinghu.automation.TestForm -->
