<?xml version="1.0" encoding="UTF-8"?>
<!-- Generated by org.testng.reporters.JUnitReportReporter -->
<testsuite skipped="0" hostname="hujy" name="com.github.junyinghu.automation.TestForm" tests="2" failures="0" timestamp="12 九月 2017 02:48:10 GMT" time="23.389" errors="0">
  <testcase name="modificationsetting" time="2.094" classname="com.github.junyinghu.automation.TestForm"/>
  <testcase name="openGoogleSearch" time="21.295" classname="com.github.junyinghu.automation.TestForm"/>
</testsuite> <!-- com.github.junyinghu.automation.TestForm -->
