<?xml version="1.0" encoding="UTF-8"?>
<!-- Generated by org.testng.reporters.JUnitReportReporter -->
<testsuite skipped="0" hostname="hujy" name="com.github.junyinghu.automation.TestForm" tests="2" failures="0" timestamp="12 九月 2017 01:29:01 GMT" time="22.572" errors="0">
  <testcase name="openGoogleSearch" time="20.853" classname="com.github.junyinghu.automation.TestForm"/>
  <testcase name="modificationsetting" time="1.719" classname="com.github.junyinghu.automation.TestForm"/>
</testsuite> <!-- com.github.junyinghu.automation.TestForm -->
